14:09:59.946 [Daemon worker Thread 7] INFO  o.a.AndroidAnnotationProcessor:83 - Initialize AndroidAnnotations 3.3.2 with options {}
14:10:00.74 [Daemon worker Thread 7] INFO  o.a.AndroidAnnotationProcessor:107 - Start processing for 6 annotations on 187 elements
14:10:00.74 [Daemon worker Thread 7] ERROR o.a.AndroidAnnotationProcessor:93 - AndroidAnnotations version for API (3.2) and core (3.3.2) doesn't match. Please check your classpath
14:10:01.248 [Daemon worker Thread 7] ERROR o.a.AndroidAnnotationProcessor:267 - Something went wrong: Unexpected error in AndroidAnnotations 3.3.2!
You should check if there is already an issue about it on https://github.com/excilys/androidannotations/search?q=org.androidannotations.exception.VersionMismatchException&type=Issues
If none exists, please open a new one with the following content and tell us if you can reproduce it or not. Don't forget to give us as much information as you can (like parts of your code in failure).
Java version: javac 1.8.0_60
Javac processors options: 
Stacktrace: org.androidannotations.exception.VersionMismatchException: AndroidAnnotations version for API (3.2) and core (3.3.2) doesn't match. Please check your classpath
	at org.androidannotations.AndroidAnnotationProcessor.checkApiAndCoreVersions(AndroidAnnotationProcessor.java:94)
	at org.androidannotations.AndroidAnnotationProcessor.process(AndroidAnnotationProcessor.java:111)
	at com.sun.tools.javac.processing.JavacProcessingEnvironment.callProcessor(JavacProcessingEnvironment.java:794)
	at com.sun.tools.javac.processing.JavacProcessingEnvironment.discoverAndRunProcs(JavacProcessingEnvironment.java:705)
	at com.sun.tools.javac.processing.JavacProcessingEnvironment.access$1800(JavacProcessingEnvironment.java:91)
	at com.sun.tools.javac.processing.JavacProcessingEnvironment$Round.run(JavacProcessingEnvironment.java:1035)
	at com.sun.tools.javac.processing.JavacProcessingEnvironment.doProcessing(JavacProcessingEnvironment.java:1176)
	at com.sun.tools.javac.main.JavaCompiler.processAnnotations(JavaCompiler.java:1170)
	at com.sun.tools.javac.main.JavaCompiler.compile(JavaCompiler.java:856)
	at com.sun.tools.javac.main.Main.compile(Main.java:523)
	at com.sun.tools.javac.api.JavacTaskImpl.doCall(JavacTaskImpl.java:129)
	at com.sun.tools.javac.api.JavacTaskImpl.call(JavacTaskImpl.java:138)
	at org.gradle.api.internal.tasks.compile.JdkJavaCompiler.execute(JdkJavaCompiler.java:45)
	at org.gradle.api.internal.tasks.compile.JdkJavaCompiler.execute(JdkJavaCompiler.java:33)
	at org.gradle.api.internal.tasks.compile.NormalizingJavaCompiler.delegateAndHandleErrors(NormalizingJavaCompiler.java:101)
	at org.gradle.api.internal.tasks.compile.NormalizingJavaCompiler.execute(NormalizingJavaCompiler.java:50)
	at org.gradle.api.internal.tasks.compile.NormalizingJavaCompiler.execute(NormalizingJavaCompiler.java:36)
	at org.gradle.api.internal.tasks.compile.CleaningJavaCompilerSupport.execute(CleaningJavaCompilerSupport.java:34)
	at org.gradle.api.internal.tasks.compile.CleaningJavaCompilerSupport.execute(CleaningJavaCompilerSupport.java:25)
	at org.gradle.api.tasks.compile.JavaCompile.performCompilation(JavaCompile.java:157)
	at org.gradle.api.tasks.compile.JavaCompile.compile(JavaCompile.java:139)
	at org.gradle.api.tasks.compile.JavaCompile.compile(JavaCompile.java:93)
	at com.android.build.gradle.tasks.factory.AndroidJavaCompile.compile(AndroidJavaCompile.java:34)
	at sun.reflect.NativeMethodAccessorImpl.invoke0(Native Method)
	at sun.reflect.NativeMethodAccessorImpl.invoke(NativeMethodAccessorImpl.java:62)
	at sun.reflect.DelegatingMethodAccessorImpl.invoke(DelegatingMethodAccessorImpl.java:43)
	at java.lang.reflect.Method.invoke(Method.java:497)
	at org.gradle.internal.reflect.JavaMethod.invoke(JavaMethod.java:75)
	at org.gradle.api.internal.project.taskfactory.AnnotationProcessingTaskFactory$IncrementalTaskAction.doExecute(AnnotationProcessingTaskFactory.java:244)
	at org.gradle.api.internal.project.taskfactory.AnnotationProcessingTaskFactory$StandardTaskAction.execute(AnnotationProcessingTaskFactory.java:220)
	at org.gradle.api.internal.project.taskfactory.AnnotationProcessingTaskFactory$IncrementalTaskAction.execute(AnnotationProcessingTaskFactory.java:231)
	at org.gradle.api.internal.project.taskfactory.AnnotationProcessingTaskFactory$StandardTaskAction.execute(AnnotationProcessingTaskFactory.java:209)
	at org.gradle.api.internal.tasks.execution.ExecuteActionsTaskExecuter.executeAction(ExecuteActionsTaskExecuter.java:80)
	at org.gradle.api.internal.tasks.execution.ExecuteActionsTaskExecuter.executeActions(ExecuteActionsTaskExecuter.java:61)
	at org.gradle.api.internal.tasks.execution.ExecuteActionsTaskExecuter.execute(ExecuteActionsTaskExecuter.java:46)
	at org.gradle.api.internal.tasks.execution.PostExecutionAnalysisTaskExecuter.execute(PostExecutionAnalysisTaskExecuter.java:35)
	at org.gradle.api.internal.tasks.execution.SkipUpToDateTaskExecuter.execute(SkipUpToDateTaskExecuter.java:64)
	at org.gradle.api.internal.tasks.execution.ValidatingTaskExecuter.execute(ValidatingTaskExecuter.java:58)
	at org.gradle.api.internal.tasks.execution.SkipEmptySourceFilesTaskExecuter.execute(SkipEmptySourceFilesTaskExecuter.java:52)
	at org.gradle.api.internal.tasks.execution.SkipTaskWithNoActionsExecuter.execute(SkipTaskWithNoActionsExecuter.java:52)
	at org.gradle.api.internal.tasks.execution.SkipOnlyIfTaskExecuter.execute(SkipOnlyIfTaskExecuter.java:53)
	at org.gradle.api.internal.tasks.execution.ExecuteAtMostOnceTaskExecuter.execute(ExecuteAtMostOnceTaskExecuter.java:43)
	at org.gradle.execution.taskgraph.DefaultTaskGraphExecuter$EventFiringTaskWorker.execute(DefaultTaskGraphExecuter.java:203)
	at org.gradle.execution.taskgraph.DefaultTaskGraphExecuter$EventFiringTaskWorker.execute(DefaultTaskGraphExecuter.java:185)
	at org.gradle.execution.taskgraph.AbstractTaskPlanExecutor$TaskExecutorWorker.processTask(AbstractTaskPlanExecutor.java:62)
	at org.gradle.execution.taskgraph.AbstractTaskPlanExecutor$TaskExecutorWorker.run(AbstractTaskPlanExecutor.java:50)
	at org.gradle.execution.taskgraph.DefaultTaskPlanExecutor.process(DefaultTaskPlanExecutor.java:25)
	at org.gradle.execution.taskgraph.DefaultTaskGraphExecuter.execute(DefaultTaskGraphExecuter.java:110)
	at org.gradle.execution.SelectedTaskExecutionAction.execute(SelectedTaskExecutionAction.java:37)
	at org.gradle.execution.DefaultBuildExecuter.execute(DefaultBuildExecuter.java:37)
	at org.gradle.execution.DefaultBuildExecuter.access$000(DefaultBuildExecuter.java:23)
	at org.gradle.execution.DefaultBuildExecuter$1.proceed(DefaultBuildExecuter.java:43)
	at org.gradle.execution.DryRunBuildExecutionAction.execute(DryRunBuildExecutionAction.java:32)
	at org.gradle.execution.DefaultBuildExecuter.execute(DefaultBuildExecuter.java:37)
	at org.gradle.execution.DefaultBuildExecuter.execute(DefaultBuildExecuter.java:30)
	at org.gradle.initialization.DefaultGradleLauncher$4.run(DefaultGradleLauncher.java:154)
	at org.gradle.internal.Factories$1.create(Factories.java:22)
	at org.gradle.internal.progress.DefaultBuildOperationExecutor.run(DefaultBuildOperationExecutor.java:90)
	at org.gradle.internal.progress.DefaultBuildOperationExecutor.run(DefaultBuildOperationExecutor.java:52)
	at org.gradle.initialization.DefaultGradleLauncher.doBuildStages(DefaultGradleLauncher.java:151)
	at org.gradle.initialization.DefaultGradleLauncher.access$200(DefaultGradleLauncher.java:32)
	at org.gradle.initialization.DefaultGradleLauncher$1.create(DefaultGradleLauncher.java:99)
	at org.gradle.initialization.DefaultGradleLauncher$1.create(DefaultGradleLauncher.java:93)
	at org.gradle.internal.progress.DefaultBuildOperationExecutor.run(DefaultBuildOperationExecutor.java:90)
	at org.gradle.internal.progress.DefaultBuildOperationExecutor.run(DefaultBuildOperationExecutor.java:62)
	at org.gradle.initialization.DefaultGradleLauncher.doBuild(DefaultGradleLauncher.java:93)
	at org.gradle.initialization.DefaultGradleLauncher.run(DefaultGradleLauncher.java:82)
	at org.gradle.launcher.exec.InProcessBuildActionExecuter$DefaultBuildController.run(InProcessBuildActionExecuter.java:94)
	at org.gradle.tooling.internal.provider.runner.BuildModelActionRunner.run(BuildModelActionRunner.java:46)
	at org.gradle.launcher.exec.ChainingBuildActionRunner.run(ChainingBuildActionRunner.java:35)
	at org.gradle.tooling.internal.provider.runner.SubscribableBuildActionRunner.run(SubscribableBuildActionRunner.java:58)
	at org.gradle.launcher.exec.ChainingBuildActionRunner.run(ChainingBuildActionRunner.java:35)
	at org.gradle.launcher.exec.InProcessBuildActionExecuter.execute(InProcessBuildActionExecuter.java:43)
	at org.gradle.launcher.exec.InProcessBuildActionExecuter.execute(InProcessBuildActionExecuter.java:28)
	at org.gradle.launcher.exec.ContinuousBuildActionExecuter.execute(ContinuousBuildActionExecuter.java:77)
	at org.gradle.launcher.exec.ContinuousBuildActionExecuter.execute(ContinuousBuildActionExecuter.java:47)
	at org.gradle.launcher.daemon.server.exec.ExecuteBuild.doBuild(ExecuteBuild.java:52)
	at org.gradle.launcher.daemon.server.exec.BuildCommandOnly.execute(BuildCommandOnly.java:36)
	at org.gradle.launcher.daemon.server.api.DaemonCommandExecution.proceed(DaemonCommandExecution.java:120)
	at org.gradle.launcher.daemon.server.exec.WatchForDisconnection.execute(WatchForDisconnection.java:37)
	at org.gradle.launcher.daemon.server.api.DaemonCommandExecution.proceed(DaemonCommandExecution.java:120)
	at org.gradle.launcher.daemon.server.exec.ResetDeprecationLogger.execute(ResetDeprecationLogger.java:26)
	at org.gradle.launcher.daemon.server.api.DaemonCommandExecution.proceed(DaemonCommandExecution.java:120)
	at org.gradle.launcher.daemon.server.exec.RequestStopIfSingleUsedDaemon.execute(RequestStopIfSingleUsedDaemon.java:34)
	at org.gradle.launcher.daemon.server.api.DaemonCommandExecution.proceed(DaemonCommandExecution.java:120)
	at org.gradle.launcher.daemon.server.exec.ForwardClientInput$2.call(ForwardClientInput.java:74)
	at org.gradle.launcher.daemon.server.exec.ForwardClientInput$2.call(ForwardClientInput.java:72)
	at org.gradle.util.Swapper.swap(Swapper.java:38)
	at org.gradle.launcher.daemon.server.exec.ForwardClientInput.execute(ForwardClientInput.java:72)
	at org.gradle.launcher.daemon.server.api.DaemonCommandExecution.proceed(DaemonCommandExecution.java:120)
	at org.gradle.launcher.daemon.server.health.DaemonHealthTracker.execute(DaemonHealthTracker.java:47)
	at org.gradle.launcher.daemon.server.api.DaemonCommandExecution.proceed(DaemonCommandExecution.java:120)
	at org.gradle.launcher.daemon.server.exec.LogToClient.doBuild(LogToClient.java:66)
	at org.gradle.launcher.daemon.server.exec.BuildCommandOnly.execute(BuildCommandOnly.java:36)
	at org.gradle.launcher.daemon.server.api.DaemonCommandExecution.proceed(DaemonCommandExecution.java:120)
	at org.gradle.launcher.daemon.server.exec.EstablishBuildEnvironment.doBuild(EstablishBuildEnvironment.java:71)
	at org.gradle.launcher.daemon.server.exec.BuildCommandOnly.execute(BuildCommandOnly.java:36)
	at org.gradle.launcher.daemon.server.api.DaemonCommandExecution.proceed(DaemonCommandExecution.java:120)
	at org.gradle.launcher.daemon.server.health.HintGCAfterBuild.execute(HintGCAfterBuild.java:41)
	at org.gradle.launcher.daemon.server.api.DaemonCommandExecution.proceed(DaemonCommandExecution.java:120)
	at org.gradle.launcher.daemon.server.exec.StartBuildOrRespondWithBusy$1.run(StartBuildOrRespondWithBusy.java:50)
	at org.gradle.launcher.daemon.server.DaemonStateCoordinator$1.run(DaemonStateCoordinator.java:246)
	at org.gradle.internal.concurrent.ExecutorPolicy$CatchAndRecordFailures.onExecute(ExecutorPolicy.java:54)
	at org.gradle.internal.concurrent.StoppableExecutorImpl$1.run(StoppableExecutorImpl.java:40)
	at java.util.concurrent.ThreadPoolExecutor.runWorker(ThreadPoolExecutor.java:1142)
	at java.util.concurrent.ThreadPoolExecutor$Worker.run(ThreadPoolExecutor.java:617)
	at java.lang.Thread.run(Thread.java:745)

14:10:01.261 [Daemon worker Thread 7] INFO  o.a.p.TimeStats:81 - Time measurements: [Whole Processing = 1175 ms], 
14:10:01.262 [Daemon worker Thread 7] INFO  o.a.AndroidAnnotationProcessor:121 - Finish processing
14:52:50.996 [Daemon worker Thread 8] INFO  o.a.AndroidAnnotationProcessor:83 - Initialize AndroidAnnotations 3.3.2 with options {}
14:52:51.126 [Daemon worker Thread 8] INFO  o.a.AndroidAnnotationProcessor:107 - Start processing for 6 annotations on 187 elements
14:52:51.126 [Daemon worker Thread 8] ERROR o.a.AndroidAnnotationProcessor:93 - AndroidAnnotations version for API (3.2) and core (3.3.2) doesn't match. Please check your classpath
14:52:52.190 [Daemon worker Thread 8] ERROR o.a.AndroidAnnotationProcessor:267 - Something went wrong: Unexpected error in AndroidAnnotations 3.3.2!
You should check if there is already an issue about it on https://github.com/excilys/androidannotations/search?q=org.androidannotations.exception.VersionMismatchException&type=Issues
If none exists, please open a new one with the following content and tell us if you can reproduce it or not. Don't forget to give us as much information as you can (like parts of your code in failure).
Java version: javac 1.8.0_60
Javac processors options: 
Stacktrace: org.androidannotations.exception.VersionMismatchException: AndroidAnnotations version for API (3.2) and core (3.3.2) doesn't match. Please check your classpath
	at org.androidannotations.AndroidAnnotationProcessor.checkApiAndCoreVersions(AndroidAnnotationProcessor.java:94)
	at org.androidannotations.AndroidAnnotationProcessor.process(AndroidAnnotationProcessor.java:111)
	at com.sun.tools.javac.processing.JavacProcessingEnvironment.callProcessor(JavacProcessingEnvironment.java:794)
	at com.sun.tools.javac.processing.JavacProcessingEnvironment.discoverAndRunProcs(JavacProcessingEnvironment.java:705)
	at com.sun.tools.javac.processing.JavacProcessingEnvironment.access$1800(JavacProcessingEnvironment.java:91)
	at com.sun.tools.javac.processing.JavacProcessingEnvironment$Round.run(JavacProcessingEnvironment.java:1035)
	at com.sun.tools.javac.processing.JavacProcessingEnvironment.doProcessing(JavacProcessingEnvironment.java:1176)
	at com.sun.tools.javac.main.JavaCompiler.processAnnotations(JavaCompiler.java:1170)
	at com.sun.tools.javac.main.JavaCompiler.compile(JavaCompiler.java:856)
	at com.sun.tools.javac.main.Main.compile(Main.java:523)
	at com.sun.tools.javac.api.JavacTaskImpl.doCall(JavacTaskImpl.java:129)
	at com.sun.tools.javac.api.JavacTaskImpl.call(JavacTaskImpl.java:138)
	at org.gradle.api.internal.tasks.compile.JdkJavaCompiler.execute(JdkJavaCompiler.java:45)
	at org.gradle.api.internal.tasks.compile.JdkJavaCompiler.execute(JdkJavaCompiler.java:33)
	at org.gradle.api.internal.tasks.compile.NormalizingJavaCompiler.delegateAndHandleErrors(NormalizingJavaCompiler.java:101)
	at org.gradle.api.internal.tasks.compile.NormalizingJavaCompiler.execute(NormalizingJavaCompiler.java:50)
	at org.gradle.api.internal.tasks.compile.NormalizingJavaCompiler.execute(NormalizingJavaCompiler.java:36)
	at org.gradle.api.internal.tasks.compile.CleaningJavaCompilerSupport.execute(CleaningJavaCompilerSupport.java:34)
	at org.gradle.api.internal.tasks.compile.CleaningJavaCompilerSupport.execute(CleaningJavaCompilerSupport.java:25)
	at org.gradle.api.tasks.compile.JavaCompile.performCompilation(JavaCompile.java:157)
	at org.gradle.api.tasks.compile.JavaCompile.compile(JavaCompile.java:139)
	at org.gradle.api.tasks.compile.JavaCompile.compile(JavaCompile.java:93)
	at com.android.build.gradle.tasks.factory.AndroidJavaCompile.compile(AndroidJavaCompile.java:34)
	at sun.reflect.NativeMethodAccessorImpl.invoke0(Native Method)
	at sun.reflect.NativeMethodAccessorImpl.invoke(NativeMethodAccessorImpl.java:62)
	at sun.reflect.DelegatingMethodAccessorImpl.invoke(DelegatingMethodAccessorImpl.java:43)
	at java.lang.reflect.Method.invoke(Method.java:497)
	at org.gradle.internal.reflect.JavaMethod.invoke(JavaMethod.java:75)
	at org.gradle.api.internal.project.taskfactory.AnnotationProcessingTaskFactory$IncrementalTaskAction.doExecute(AnnotationProcessingTaskFactory.java:244)
	at org.gradle.api.internal.project.taskfactory.AnnotationProcessingTaskFactory$StandardTaskAction.execute(AnnotationProcessingTaskFactory.java:220)
	at org.gradle.api.internal.project.taskfactory.AnnotationProcessingTaskFactory$IncrementalTaskAction.execute(AnnotationProcessingTaskFactory.java:231)
	at org.gradle.api.internal.project.taskfactory.AnnotationProcessingTaskFactory$StandardTaskAction.execute(AnnotationProcessingTaskFactory.java:209)
	at org.gradle.api.internal.tasks.execution.ExecuteActionsTaskExecuter.executeAction(ExecuteActionsTaskExecuter.java:80)
	at org.gradle.api.internal.tasks.execution.ExecuteActionsTaskExecuter.executeActions(ExecuteActionsTaskExecuter.java:61)
	at org.gradle.api.internal.tasks.execution.ExecuteActionsTaskExecuter.execute(ExecuteActionsTaskExecuter.java:46)
	at org.gradle.api.internal.tasks.execution.PostExecutionAnalysisTaskExecuter.execute(PostExecutionAnalysisTaskExecuter.java:35)
	at org.gradle.api.internal.tasks.execution.SkipUpToDateTaskExecuter.execute(SkipUpToDateTaskExecuter.java:64)
	at org.gradle.api.internal.tasks.execution.ValidatingTaskExecuter.execute(ValidatingTaskExecuter.java:58)
	at org.gradle.api.internal.tasks.execution.SkipEmptySourceFilesTaskExecuter.execute(SkipEmptySourceFilesTaskExecuter.java:52)
	at org.gradle.api.internal.tasks.execution.SkipTaskWithNoActionsExecuter.execute(SkipTaskWithNoActionsExecuter.java:52)
	at org.gradle.api.internal.tasks.execution.SkipOnlyIfTaskExecuter.execute(SkipOnlyIfTaskExecuter.java:53)
	at org.gradle.api.internal.tasks.execution.ExecuteAtMostOnceTaskExecuter.execute(ExecuteAtMostOnceTaskExecuter.java:43)
	at org.gradle.execution.taskgraph.DefaultTaskGraphExecuter$EventFiringTaskWorker.execute(DefaultTaskGraphExecuter.java:203)
	at org.gradle.execution.taskgraph.DefaultTaskGraphExecuter$EventFiringTaskWorker.execute(DefaultTaskGraphExecuter.java:185)
	at org.gradle.execution.taskgraph.AbstractTaskPlanExecutor$TaskExecutorWorker.processTask(AbstractTaskPlanExecutor.java:62)
	at org.gradle.execution.taskgraph.AbstractTaskPlanExecutor$TaskExecutorWorker.run(AbstractTaskPlanExecutor.java:50)
	at org.gradle.execution.taskgraph.DefaultTaskPlanExecutor.process(DefaultTaskPlanExecutor.java:25)
	at org.gradle.execution.taskgraph.DefaultTaskGraphExecuter.execute(DefaultTaskGraphExecuter.java:110)
	at org.gradle.execution.SelectedTaskExecutionAction.execute(SelectedTaskExecutionAction.java:37)
	at org.gradle.execution.DefaultBuildExecuter.execute(DefaultBuildExecuter.java:37)
	at org.gradle.execution.DefaultBuildExecuter.access$000(DefaultBuildExecuter.java:23)
	at org.gradle.execution.DefaultBuildExecuter$1.proceed(DefaultBuildExecuter.java:43)
	at org.gradle.execution.DryRunBuildExecutionAction.execute(DryRunBuildExecutionAction.java:32)
	at org.gradle.execution.DefaultBuildExecuter.execute(DefaultBuildExecuter.java:37)
	at org.gradle.execution.DefaultBuildExecuter.execute(DefaultBuildExecuter.java:30)
	at org.gradle.initialization.DefaultGradleLauncher$4.run(DefaultGradleLauncher.java:154)
	at org.gradle.internal.Factories$1.create(Factories.java:22)
	at org.gradle.internal.progress.DefaultBuildOperationExecutor.run(DefaultBuildOperationExecutor.java:90)
	at org.gradle.internal.progress.DefaultBuildOperationExecutor.run(DefaultBuildOperationExecutor.java:52)
	at org.gradle.initialization.DefaultGradleLauncher.doBuildStages(DefaultGradleLauncher.java:151)
	at org.gradle.initialization.DefaultGradleLauncher.access$200(DefaultGradleLauncher.java:32)
	at org.gradle.initialization.DefaultGradleLauncher$1.create(DefaultGradleLauncher.java:99)
	at org.gradle.initialization.DefaultGradleLauncher$1.create(DefaultGradleLauncher.java:93)
	at org.gradle.internal.progress.DefaultBuildOperationExecutor.run(DefaultBuildOperationExecutor.java:90)
	at org.gradle.internal.progress.DefaultBuildOperationExecutor.run(DefaultBuildOperationExecutor.java:62)
	at org.gradle.initialization.DefaultGradleLauncher.doBuild(DefaultGradleLauncher.java:93)
	at org.gradle.initialization.DefaultGradleLauncher.run(DefaultGradleLauncher.java:82)
	at org.gradle.launcher.exec.InProcessBuildActionExecuter$DefaultBuildController.run(InProcessBuildActionExecuter.java:94)
	at org.gradle.tooling.internal.provider.runner.BuildModelActionRunner.run(BuildModelActionRunner.java:46)
	at org.gradle.launcher.exec.ChainingBuildActionRunner.run(ChainingBuildActionRunner.java:35)
	at org.gradle.tooling.internal.provider.runner.SubscribableBuildActionRunner.run(SubscribableBuildActionRunner.java:58)
	at org.gradle.launcher.exec.ChainingBuildActionRunner.run(ChainingBuildActionRunner.java:35)
	at org.gradle.launcher.exec.InProcessBuildActionExecuter.execute(InProcessBuildActionExecuter.java:43)
	at org.gradle.launcher.exec.InProcessBuildActionExecuter.execute(InProcessBuildActionExecuter.java:28)
	at org.gradle.launcher.exec.ContinuousBuildActionExecuter.execute(ContinuousBuildActionExecuter.java:77)
	at org.gradle.launcher.exec.ContinuousBuildActionExecuter.execute(ContinuousBuildActionExecuter.java:47)
	at org.gradle.launcher.daemon.server.exec.ExecuteBuild.doBuild(ExecuteBuild.java:52)
	at org.gradle.launcher.daemon.server.exec.BuildCommandOnly.execute(BuildCommandOnly.java:36)
	at org.gradle.launcher.daemon.server.api.DaemonCommandExecution.proceed(DaemonCommandExecution.java:120)
	at org.gradle.launcher.daemon.server.exec.WatchForDisconnection.execute(WatchForDisconnection.java:37)
	at org.gradle.launcher.daemon.server.api.DaemonCommandExecution.proceed(DaemonCommandExecution.java:120)
	at org.gradle.launcher.daemon.server.exec.ResetDeprecationLogger.execute(ResetDeprecationLogger.java:26)
	at org.gradle.launcher.daemon.server.api.DaemonCommandExecution.proceed(DaemonCommandExecution.java:120)
	at org.gradle.launcher.daemon.server.exec.RequestStopIfSingleUsedDaemon.execute(RequestStopIfSingleUsedDaemon.java:34)
	at org.gradle.launcher.daemon.server.api.DaemonCommandExecution.proceed(DaemonCommandExecution.java:120)
	at org.gradle.launcher.daemon.server.exec.ForwardClientInput$2.call(ForwardClientInput.java:74)
	at org.gradle.launcher.daemon.server.exec.ForwardClientInput$2.call(ForwardClientInput.java:72)
	at org.gradle.util.Swapper.swap(Swapper.java:38)
	at org.gradle.launcher.daemon.server.exec.ForwardClientInput.execute(ForwardClientInput.java:72)
	at org.gradle.launcher.daemon.server.api.DaemonCommandExecution.proceed(DaemonCommandExecution.java:120)
	at org.gradle.launcher.daemon.server.health.DaemonHealthTracker.execute(DaemonHealthTracker.java:47)
	at org.gradle.launcher.daemon.server.api.DaemonCommandExecution.proceed(DaemonCommandExecution.java:120)
	at org.gradle.launcher.daemon.server.exec.LogToClient.doBuild(LogToClient.java:66)
	at org.gradle.launcher.daemon.server.exec.BuildCommandOnly.execute(BuildCommandOnly.java:36)
	at org.gradle.launcher.daemon.server.api.DaemonCommandExecution.proceed(DaemonCommandExecution.java:120)
	at org.gradle.launcher.daemon.server.exec.EstablishBuildEnvironment.doBuild(EstablishBuildEnvironment.java:71)
	at org.gradle.launcher.daemon.server.exec.BuildCommandOnly.execute(BuildCommandOnly.java:36)
	at org.gradle.launcher.daemon.server.api.DaemonCommandExecution.proceed(DaemonCommandExecution.java:120)
	at org.gradle.launcher.daemon.server.health.HintGCAfterBuild.execute(HintGCAfterBuild.java:41)
	at org.gradle.launcher.daemon.server.api.DaemonCommandExecution.proceed(DaemonCommandExecution.java:120)
	at org.gradle.launcher.daemon.server.exec.StartBuildOrRespondWithBusy$1.run(StartBuildOrRespondWithBusy.java:50)
	at org.gradle.launcher.daemon.server.DaemonStateCoordinator$1.run(DaemonStateCoordinator.java:246)
	at org.gradle.internal.concurrent.ExecutorPolicy$CatchAndRecordFailures.onExecute(ExecutorPolicy.java:54)
	at org.gradle.internal.concurrent.StoppableExecutorImpl$1.run(StoppableExecutorImpl.java:40)
	at java.util.concurrent.ThreadPoolExecutor.runWorker(ThreadPoolExecutor.java:1142)
	at java.util.concurrent.ThreadPoolExecutor$Worker.run(ThreadPoolExecutor.java:617)
	at java.lang.Thread.run(Thread.java:745)

14:52:52.192 [Daemon worker Thread 8] INFO  o.a.p.TimeStats:81 - Time measurements: [Whole Processing = 1065 ms], 
14:52:52.192 [Daemon worker Thread 8] INFO  o.a.AndroidAnnotationProcessor:121 - Finish processing
14:55:13.344 [Daemon worker Thread 8] INFO  o.a.AndroidAnnotationProcessor:83 - Initialize AndroidAnnotations 3.3.2 with options {}
14:55:13.492 [Daemon worker Thread 8] INFO  o.a.AndroidAnnotationProcessor:107 - Start processing for 6 annotations on 188 elements
14:55:13.492 [Daemon worker Thread 8] ERROR o.a.AndroidAnnotationProcessor:93 - AndroidAnnotations version for API (3.2) and core (3.3.2) doesn't match. Please check your classpath
14:55:14.313 [Daemon worker Thread 8] ERROR o.a.AndroidAnnotationProcessor:267 - Something went wrong: Unexpected error in AndroidAnnotations 3.3.2!
You should check if there is already an issue about it on https://github.com/excilys/androidannotations/search?q=org.androidannotations.exception.VersionMismatchException&type=Issues
If none exists, please open a new one with the following content and tell us if you can reproduce it or not. Don't forget to give us as much information as you can (like parts of your code in failure).
Java version: javac 1.8.0_60
Javac processors options: 
Stacktrace: org.androidannotations.exception.VersionMismatchException: AndroidAnnotations version for API (3.2) and core (3.3.2) doesn't match. Please check your classpath
	at org.androidannotations.AndroidAnnotationProcessor.checkApiAndCoreVersions(AndroidAnnotationProcessor.java:94)
	at org.androidannotations.AndroidAnnotationProcessor.process(AndroidAnnotationProcessor.java:111)
	at com.sun.tools.javac.processing.JavacProcessingEnvironment.callProcessor(JavacProcessingEnvironment.java:794)
	at com.sun.tools.javac.processing.JavacProcessingEnvironment.discoverAndRunProcs(JavacProcessingEnvironment.java:705)
	at com.sun.tools.javac.processing.JavacProcessingEnvironment.access$1800(JavacProcessingEnvironment.java:91)
	at com.sun.tools.javac.processing.JavacProcessingEnvironment$Round.run(JavacProcessingEnvironment.java:1035)
	at com.sun.tools.javac.processing.JavacProcessingEnvironment.doProcessing(JavacProcessingEnvironment.java:1176)
	at com.sun.tools.javac.main.JavaCompiler.processAnnotations(JavaCompiler.java:1170)
	at com.sun.tools.javac.main.JavaCompiler.compile(JavaCompiler.java:856)
	at com.sun.tools.javac.main.Main.compile(Main.java:523)
	at com.sun.tools.javac.api.JavacTaskImpl.doCall(JavacTaskImpl.java:129)
	at com.sun.tools.javac.api.JavacTaskImpl.call(JavacTaskImpl.java:138)
	at org.gradle.api.internal.tasks.compile.JdkJavaCompiler.execute(JdkJavaCompiler.java:45)
	at org.gradle.api.internal.tasks.compile.JdkJavaCompiler.execute(JdkJavaCompiler.java:33)
	at org.gradle.api.internal.tasks.compile.NormalizingJavaCompiler.delegateAndHandleErrors(NormalizingJavaCompiler.java:101)
	at org.gradle.api.internal.tasks.compile.NormalizingJavaCompiler.execute(NormalizingJavaCompiler.java:50)
	at org.gradle.api.internal.tasks.compile.NormalizingJavaCompiler.execute(NormalizingJavaCompiler.java:36)
	at org.gradle.api.internal.tasks.compile.CleaningJavaCompilerSupport.execute(CleaningJavaCompilerSupport.java:34)
	at org.gradle.api.internal.tasks.compile.CleaningJavaCompilerSupport.execute(CleaningJavaCompilerSupport.java:25)
	at org.gradle.api.tasks.compile.JavaCompile.performCompilation(JavaCompile.java:157)
	at org.gradle.api.tasks.compile.JavaCompile.compile(JavaCompile.java:139)
	at org.gradle.api.tasks.compile.JavaCompile.compile(JavaCompile.java:93)
	at com.android.build.gradle.tasks.factory.AndroidJavaCompile.compile(AndroidJavaCompile.java:34)
	at sun.reflect.NativeMethodAccessorImpl.invoke0(Native Method)
	at sun.reflect.NativeMethodAccessorImpl.invoke(NativeMethodAccessorImpl.java:62)
	at sun.reflect.DelegatingMethodAccessorImpl.invoke(DelegatingMethodAccessorImpl.java:43)
	at java.lang.reflect.Method.invoke(Method.java:497)
	at org.gradle.internal.reflect.JavaMethod.invoke(JavaMethod.java:75)
	at org.gradle.api.internal.project.taskfactory.AnnotationProcessingTaskFactory$IncrementalTaskAction.doExecute(AnnotationProcessingTaskFactory.java:244)
	at org.gradle.api.internal.project.taskfactory.AnnotationProcessingTaskFactory$StandardTaskAction.execute(AnnotationProcessingTaskFactory.java:220)
	at org.gradle.api.internal.project.taskfactory.AnnotationProcessingTaskFactory$IncrementalTaskAction.execute(AnnotationProcessingTaskFactory.java:231)
	at org.gradle.api.internal.project.taskfactory.AnnotationProcessingTaskFactory$StandardTaskAction.execute(AnnotationProcessingTaskFactory.java:209)
	at org.gradle.api.internal.tasks.execution.ExecuteActionsTaskExecuter.executeAction(ExecuteActionsTaskExecuter.java:80)
	at org.gradle.api.internal.tasks.execution.ExecuteActionsTaskExecuter.executeActions(ExecuteActionsTaskExecuter.java:61)
	at org.gradle.api.internal.tasks.execution.ExecuteActionsTaskExecuter.execute(ExecuteActionsTaskExecuter.java:46)
	at org.gradle.api.internal.tasks.execution.PostExecutionAnalysisTaskExecuter.execute(PostExecutionAnalysisTaskExecuter.java:35)
	at org.gradle.api.internal.tasks.execution.SkipUpToDateTaskExecuter.execute(SkipUpToDateTaskExecuter.java:64)
	at org.gradle.api.internal.tasks.execution.ValidatingTaskExecuter.execute(ValidatingTaskExecuter.java:58)
	at org.gradle.api.internal.tasks.execution.SkipEmptySourceFilesTaskExecuter.execute(SkipEmptySourceFilesTaskExecuter.java:52)
	at org.gradle.api.internal.tasks.execution.SkipTaskWithNoActionsExecuter.execute(SkipTaskWithNoActionsExecuter.java:52)
	at org.gradle.api.internal.tasks.execution.SkipOnlyIfTaskExecuter.execute(SkipOnlyIfTaskExecuter.java:53)
	at org.gradle.api.internal.tasks.execution.ExecuteAtMostOnceTaskExecuter.execute(ExecuteAtMostOnceTaskExecuter.java:43)
	at org.gradle.execution.taskgraph.DefaultTaskGraphExecuter$EventFiringTaskWorker.execute(DefaultTaskGraphExecuter.java:203)
	at org.gradle.execution.taskgraph.DefaultTaskGraphExecuter$EventFiringTaskWorker.execute(DefaultTaskGraphExecuter.java:185)
	at org.gradle.execution.taskgraph.AbstractTaskPlanExecutor$TaskExecutorWorker.processTask(AbstractTaskPlanExecutor.java:62)
	at org.gradle.execution.taskgraph.AbstractTaskPlanExecutor$TaskExecutorWorker.run(AbstractTaskPlanExecutor.java:50)
	at org.gradle.execution.taskgraph.DefaultTaskPlanExecutor.process(DefaultTaskPlanExecutor.java:25)
	at org.gradle.execution.taskgraph.DefaultTaskGraphExecuter.execute(DefaultTaskGraphExecuter.java:110)
	at org.gradle.execution.SelectedTaskExecutionAction.execute(SelectedTaskExecutionAction.java:37)
	at org.gradle.execution.DefaultBuildExecuter.execute(DefaultBuildExecuter.java:37)
	at org.gradle.execution.DefaultBuildExecuter.access$000(DefaultBuildExecuter.java:23)
	at org.gradle.execution.DefaultBuildExecuter$1.proceed(DefaultBuildExecuter.java:43)
	at org.gradle.execution.DryRunBuildExecutionAction.execute(DryRunBuildExecutionAction.java:32)
	at org.gradle.execution.DefaultBuildExecuter.execute(DefaultBuildExecuter.java:37)
	at org.gradle.execution.DefaultBuildExecuter.execute(DefaultBuildExecuter.java:30)
	at org.gradle.initialization.DefaultGradleLauncher$4.run(DefaultGradleLauncher.java:154)
	at org.gradle.internal.Factories$1.create(Factories.java:22)
	at org.gradle.internal.progress.DefaultBuildOperationExecutor.run(DefaultBuildOperationExecutor.java:90)
	at org.gradle.internal.progress.DefaultBuildOperationExecutor.run(DefaultBuildOperationExecutor.java:52)
	at org.gradle.initialization.DefaultGradleLauncher.doBuildStages(DefaultGradleLauncher.java:151)
	at org.gradle.initialization.DefaultGradleLauncher.access$200(DefaultGradleLauncher.java:32)
	at org.gradle.initialization.DefaultGradleLauncher$1.create(DefaultGradleLauncher.java:99)
	at org.gradle.initialization.DefaultGradleLauncher$1.create(DefaultGradleLauncher.java:93)
	at org.gradle.internal.progress.DefaultBuildOperationExecutor.run(DefaultBuildOperationExecutor.java:90)
	at org.gradle.internal.progress.DefaultBuildOperationExecutor.run(DefaultBuildOperationExecutor.java:62)
	at org.gradle.initialization.DefaultGradleLauncher.doBuild(DefaultGradleLauncher.java:93)
	at org.gradle.initialization.DefaultGradleLauncher.run(DefaultGradleLauncher.java:82)
	at org.gradle.launcher.exec.InProcessBuildActionExecuter$DefaultBuildController.run(InProcessBuildActionExecuter.java:94)
	at org.gradle.tooling.internal.provider.runner.BuildModelActionRunner.run(BuildModelActionRunner.java:46)
	at org.gradle.launcher.exec.ChainingBuildActionRunner.run(ChainingBuildActionRunner.java:35)
	at org.gradle.tooling.internal.provider.runner.SubscribableBuildActionRunner.run(SubscribableBuildActionRunner.java:58)
	at org.gradle.launcher.exec.ChainingBuildActionRunner.run(ChainingBuildActionRunner.java:35)
	at org.gradle.launcher.exec.InProcessBuildActionExecuter.execute(InProcessBuildActionExecuter.java:43)
	at org.gradle.launcher.exec.InProcessBuildActionExecuter.execute(InProcessBuildActionExecuter.java:28)
	at org.gradle.launcher.exec.ContinuousBuildActionExecuter.execute(ContinuousBuildActionExecuter.java:77)
	at org.gradle.launcher.exec.ContinuousBuildActionExecuter.execute(ContinuousBuildActionExecuter.java:47)
	at org.gradle.launcher.daemon.server.exec.ExecuteBuild.doBuild(ExecuteBuild.java:52)
	at org.gradle.launcher.daemon.server.exec.BuildCommandOnly.execute(BuildCommandOnly.java:36)
	at org.gradle.launcher.daemon.server.api.DaemonCommandExecution.proceed(DaemonCommandExecution.java:120)
	at org.gradle.launcher.daemon.server.exec.WatchForDisconnection.execute(WatchForDisconnection.java:37)
	at org.gradle.launcher.daemon.server.api.DaemonCommandExecution.proceed(DaemonCommandExecution.java:120)
	at org.gradle.launcher.daemon.server.exec.ResetDeprecationLogger.execute(ResetDeprecationLogger.java:26)
	at org.gradle.launcher.daemon.server.api.DaemonCommandExecution.proceed(DaemonCommandExecution.java:120)
	at org.gradle.launcher.daemon.server.exec.RequestStopIfSingleUsedDaemon.execute(RequestStopIfSingleUsedDaemon.java:34)
	at org.gradle.launcher.daemon.server.api.DaemonCommandExecution.proceed(DaemonCommandExecution.java:120)
	at org.gradle.launcher.daemon.server.exec.ForwardClientInput$2.call(ForwardClientInput.java:74)
	at org.gradle.launcher.daemon.server.exec.ForwardClientInput$2.call(ForwardClientInput.java:72)
	at org.gradle.util.Swapper.swap(Swapper.java:38)
	at org.gradle.launcher.daemon.server.exec.ForwardClientInput.execute(ForwardClientInput.java:72)
	at org.gradle.launcher.daemon.server.api.DaemonCommandExecution.proceed(DaemonCommandExecution.java:120)
	at org.gradle.launcher.daemon.server.health.DaemonHealthTracker.execute(DaemonHealthTracker.java:47)
	at org.gradle.launcher.daemon.server.api.DaemonCommandExecution.proceed(DaemonCommandExecution.java:120)
	at org.gradle.launcher.daemon.server.exec.LogToClient.doBuild(LogToClient.java:66)
	at org.gradle.launcher.daemon.server.exec.BuildCommandOnly.execute(BuildCommandOnly.java:36)
	at org.gradle.launcher.daemon.server.api.DaemonCommandExecution.proceed(DaemonCommandExecution.java:120)
	at org.gradle.launcher.daemon.server.exec.EstablishBuildEnvironment.doBuild(EstablishBuildEnvironment.java:71)
	at org.gradle.launcher.daemon.server.exec.BuildCommandOnly.execute(BuildCommandOnly.java:36)
	at org.gradle.launcher.daemon.server.api.DaemonCommandExecution.proceed(DaemonCommandExecution.java:120)
	at org.gradle.launcher.daemon.server.health.HintGCAfterBuild.execute(HintGCAfterBuild.java:41)
	at org.gradle.launcher.daemon.server.api.DaemonCommandExecution.proceed(DaemonCommandExecution.java:120)
	at org.gradle.launcher.daemon.server.exec.StartBuildOrRespondWithBusy$1.run(StartBuildOrRespondWithBusy.java:50)
	at org.gradle.launcher.daemon.server.DaemonStateCoordinator$1.run(DaemonStateCoordinator.java:246)
	at org.gradle.internal.concurrent.ExecutorPolicy$CatchAndRecordFailures.onExecute(ExecutorPolicy.java:54)
	at org.gradle.internal.concurrent.StoppableExecutorImpl$1.run(StoppableExecutorImpl.java:40)
	at java.util.concurrent.ThreadPoolExecutor.runWorker(ThreadPoolExecutor.java:1142)
	at java.util.concurrent.ThreadPoolExecutor$Worker.run(ThreadPoolExecutor.java:617)
	at java.lang.Thread.run(Thread.java:745)

14:55:14.315 [Daemon worker Thread 8] INFO  o.a.p.TimeStats:81 - Time measurements: [Whole Processing = 822 ms], 
14:55:14.315 [Daemon worker Thread 8] INFO  o.a.AndroidAnnotationProcessor:121 - Finish processing
